2016-09-25 18:04:31,675 [Worker-0] INFO  c.g.t.t.d.PublishedGradleVersions - Gradle version information cache is up-to-date. Trying to read.
2016-09-25 18:12:37,804 [Worker-0] INFO  c.g.t.t.d.PublishedGradleVersions - Gradle version information cache is up-to-date. Trying to read.
2016-09-25 18:16:00,829 [Worker-0] INFO  c.g.t.t.d.PublishedGradleVersions - Gradle version information cache is up-to-date. Trying to read.
2016-09-25 18:30:26,222 [Worker-0] INFO  c.g.t.t.d.PublishedGradleVersions - Gradle version information cache is up-to-date. Trying to read.
2016-09-25 18:38:25,602 [Worker-2] INFO  c.g.t.t.d.PublishedGradleVersions - Gradle version information cache is up-to-date. Trying to read.
2016-09-25 20:26:23,661 [Worker-2] INFO  c.g.t.t.d.PublishedGradleVersions - Gradle version information cache is up-to-date. Trying to read.
2016-09-25 20:38:36,641 [Worker-2] INFO  c.g.t.t.d.PublishedGradleVersions - Gradle version information cache is up-to-date. Trying to read.
2016-09-25 21:21:12,674 [Worker-2] INFO  c.g.t.t.d.PublishedGradleVersions - Gradle version information cache is up-to-date. Trying to read.
2016-09-25 21:25:11,107 [Worker-3] INFO  c.g.t.t.d.PublishedGradleVersions - Gradle version information cache is up-to-date. Trying to read.
2016-09-27 21:23:48,229 [Worker-1] INFO  c.g.t.t.d.PublishedGradleVersions - Gradle version information cache is out-of-date. Trying to update.
2016-09-29 22:21:39,106 [Worker-398] INFO  o.e.m.c.i.l.LifecycleMappingFactory - Using org.eclipse.m2e.jdt.JarLifecycleMapping lifecycle mapping for MavenProject: com.wbu.bo:BackOffice:0.0.1-SNAPSHOT @ D:\DMI Project & documents\WildBird\AutomationMobile\BackOffice\pom.xml.
2016-09-29 22:21:40,962 [Worker-398] INFO  o.e.m.j.i.AbstractJavaProjectConfigurator - Adding source folder /BackOffice/src/main/java
2016-09-29 22:21:40,968 [Worker-398] INFO  o.e.m.j.i.AbstractJavaProjectConfigurator - Adding resource folder /BackOffice/src/main/resources
2016-09-29 22:21:40,969 [Worker-398] INFO  o.e.m.j.i.AbstractJavaProjectConfigurator - Adding source folder /BackOffice/src/test/java
2016-09-29 22:21:40,970 [Worker-398] INFO  o.e.m.j.i.AbstractJavaProjectConfigurator - Adding resource folder /BackOffice/src/test/resources
2016-09-29 22:21:42,909 [Worker-396] WARN  o.e.m.c.i.embedder.EclipseLogger - Using platform encoding (Cp1252 actually) to copy filtered resources, i.e. build is platform dependent!
2016-09-29 22:21:42,981 [Worker-396] INFO  o.e.m.c.i.embedder.EclipseLogger - Copying 0 resource
2016-09-29 22:21:42,989 [Worker-396] WARN  o.e.m.c.i.embedder.EclipseLogger - Using platform encoding (Cp1252 actually) to copy filtered resources, i.e. build is platform dependent!
2016-09-29 22:21:42,994 [Worker-396] INFO  o.e.m.c.i.embedder.EclipseLogger - Copying 0 resource
2016-09-29 22:22:28,811 [Worker-400] WARN  o.e.m.c.i.embedder.EclipseLogger - Using platform encoding (Cp1252 actually) to copy filtered resources, i.e. build is platform dependent!
2016-09-29 22:22:28,832 [Worker-400] INFO  o.e.m.c.i.embedder.EclipseLogger - Copying 0 resource
2016-09-29 22:22:28,835 [Worker-400] WARN  o.e.m.c.i.embedder.EclipseLogger - Using platform encoding (Cp1252 actually) to copy filtered resources, i.e. build is platform dependent!
2016-09-29 22:22:28,839 [Worker-400] INFO  o.e.m.c.i.embedder.EclipseLogger - Copying 0 resource
2016-09-29 22:51:25,881 [Worker-405] WARN  o.e.m.c.i.embedder.EclipseLogger - Using platform encoding (Cp1252 actually) to copy filtered resources, i.e. build is platform dependent!
2016-09-29 22:51:25,887 [Worker-405] INFO  o.e.m.c.i.embedder.EclipseLogger - Copying 0 resource
2016-09-29 22:51:25,891 [Worker-405] WARN  o.e.m.c.i.embedder.EclipseLogger - Using platform encoding (Cp1252 actually) to copy filtered resources, i.e. build is platform dependent!
2016-09-29 22:51:25,894 [Worker-405] INFO  o.e.m.c.i.embedder.EclipseLogger - Copying 0 resource
2016-09-29 22:58:01,289 [Worker-406] WARN  o.e.m.c.i.embedder.EclipseLogger - Using platform encoding (Cp1252 actually) to copy filtered resources, i.e. build is platform dependent!
2016-09-29 22:58:01,291 [Worker-406] INFO  o.e.m.c.i.embedder.EclipseLogger - Copying 0 resource
2016-09-29 22:58:01,292 [Worker-406] WARN  o.e.m.c.i.embedder.EclipseLogger - Using platform encoding (Cp1252 actually) to copy filtered resources, i.e. build is platform dependent!
2016-09-29 22:58:01,294 [Worker-406] INFO  o.e.m.c.i.embedder.EclipseLogger - Copying 0 resource
2016-09-29 22:58:08,091 [Worker-408] WARN  o.e.m.c.i.embedder.EclipseLogger - Using platform encoding (Cp1252 actually) to copy filtered resources, i.e. build is platform dependent!
2016-09-29 22:58:08,093 [Worker-408] INFO  o.e.m.c.i.embedder.EclipseLogger - Copying 0 resource
2016-09-29 22:58:08,096 [Worker-408] WARN  o.e.m.c.i.embedder.EclipseLogger - Using platform encoding (Cp1252 actually) to copy filtered resources, i.e. build is platform dependent!
2016-09-29 22:58:08,098 [Worker-408] INFO  o.e.m.c.i.embedder.EclipseLogger - Copying 0 resource
2016-09-29 22:58:37,182 [Worker-407] WARN  o.e.m.c.i.embedder.EclipseLogger - Using platform encoding (Cp1252 actually) to copy filtered resources, i.e. build is platform dependent!
2016-09-29 22:58:37,184 [Worker-407] INFO  o.e.m.c.i.embedder.EclipseLogger - Copying 0 resource
2016-09-29 22:58:37,186 [Worker-407] WARN  o.e.m.c.i.embedder.EclipseLogger - Using platform encoding (Cp1252 actually) to copy filtered resources, i.e. build is platform dependent!
2016-09-29 22:58:37,189 [Worker-407] INFO  o.e.m.c.i.embedder.EclipseLogger - Copying 0 resource
2016-09-29 22:59:11,543 [Worker-406] WARN  o.e.m.c.i.embedder.EclipseLogger - Using platform encoding (Cp1252 actually) to copy filtered resources, i.e. build is platform dependent!
2016-09-29 22:59:11,546 [Worker-406] INFO  o.e.m.c.i.embedder.EclipseLogger - Copying 0 resource
2016-09-29 22:59:11,551 [Worker-406] WARN  o.e.m.c.i.embedder.EclipseLogger - Using platform encoding (Cp1252 actually) to copy filtered resources, i.e. build is platform dependent!
2016-09-29 22:59:11,556 [Worker-406] INFO  o.e.m.c.i.embedder.EclipseLogger - Copying 0 resource
2016-09-29 22:59:20,103 [Worker-406] WARN  o.e.m.c.i.embedder.EclipseLogger - Using platform encoding (Cp1252 actually) to copy filtered resources, i.e. build is platform dependent!
2016-09-29 22:59:20,105 [Worker-406] INFO  o.e.m.c.i.embedder.EclipseLogger - Copying 0 resource
2016-09-29 22:59:20,107 [Worker-406] WARN  o.e.m.c.i.embedder.EclipseLogger - Using platform encoding (Cp1252 actually) to copy filtered resources, i.e. build is platform dependent!
2016-09-29 22:59:20,109 [Worker-406] INFO  o.e.m.c.i.embedder.EclipseLogger - Copying 0 resource
2016-09-29 23:01:33,309 [Worker-405] INFO  o.e.m.c.i.l.LifecycleMappingFactory - Using org.eclipse.m2e.jdt.JarLifecycleMapping lifecycle mapping for MavenProject: com.wbu.bo:BackOffice:0.0.1-SNAPSHOT @ D:\DMI Project & documents\WildBird\AutomationMobile\BackOffice\pom.xml.
2016-09-29 23:01:35,794 [Worker-405] INFO  o.e.m.c.i.e.AbstractTransferListenerAdapter - Downloading https://repo.maven.apache.org/maven2/info/cukes/cucumber-core/1.2.5/cucumber-core-1.2.5.pom
2016-09-29 23:01:36,192 [Worker-405] INFO  o.e.m.c.i.e.AbstractTransferListenerAdapter - Downloaded https://repo.maven.apache.org/maven2/info/cukes/cucumber-core/1.2.5/cucumber-core-1.2.5.pom
2016-09-29 23:01:36,488 [Worker-405] INFO  o.e.m.c.i.e.AbstractTransferListenerAdapter - Downloading https://repo.maven.apache.org/maven2/info/cukes/cucumber-jvm/1.2.5/cucumber-jvm-1.2.5.pom
2016-09-29 23:01:37,096 [Worker-405] INFO  o.e.m.c.i.e.AbstractTransferListenerAdapter - Downloaded https://repo.maven.apache.org/maven2/info/cukes/cucumber-jvm/1.2.5/cucumber-jvm-1.2.5.pom
2016-09-29 23:01:37,505 [Worker-405] INFO  o.e.m.c.i.e.AbstractTransferListenerAdapter - Downloading https://repo.maven.apache.org/maven2/info/cukes/cucumber-html/0.2.3/cucumber-html-0.2.3.pom
2016-09-29 23:01:37,850 [Worker-405] INFO  o.e.m.c.i.e.AbstractTransferListenerAdapter - Downloaded https://repo.maven.apache.org/maven2/info/cukes/cucumber-html/0.2.3/cucumber-html-0.2.3.pom
2016-09-29 23:01:38,168 [Worker-405] INFO  o.e.m.c.i.e.AbstractTransferListenerAdapter - Downloading https://repo.maven.apache.org/maven2/org/sonatype/oss/oss-parent/6/oss-parent-6.pom
2016-09-29 23:01:38,495 [Worker-405] INFO  o.e.m.c.i.e.AbstractTransferListenerAdapter - Downloaded https://repo.maven.apache.org/maven2/org/sonatype/oss/oss-parent/6/oss-parent-6.pom
2016-09-29 23:01:38,798 [Worker-405] INFO  o.e.m.c.i.e.AbstractTransferListenerAdapter - Downloading https://repo.maven.apache.org/maven2/info/cukes/cucumber-jvm-deps/1.0.5/cucumber-jvm-deps-1.0.5.pom
2016-09-29 23:01:39,223 [Worker-405] INFO  o.e.m.c.i.e.AbstractTransferListenerAdapter - Downloaded https://repo.maven.apache.org/maven2/info/cukes/cucumber-jvm-deps/1.0.5/cucumber-jvm-deps-1.0.5.pom
2016-09-29 23:01:39,522 [Worker-405] INFO  o.e.m.c.i.e.AbstractTransferListenerAdapter - Downloading https://repo.maven.apache.org/maven2/info/cukes/gherkin/2.12.2/gherkin-2.12.2.pom
2016-09-29 23:01:40,231 [Worker-405] INFO  o.e.m.c.i.e.AbstractTransferListenerAdapter - Downloaded https://repo.maven.apache.org/maven2/info/cukes/gherkin/2.12.2/gherkin-2.12.2.pom
2016-09-29 23:01:40,547 [Worker-405] INFO  o.e.m.c.i.e.AbstractTransferListenerAdapter - Downloading https://repo.maven.apache.org/maven2/info/cukes/cucumber-java/1.2.5/cucumber-java-1.2.5.pom
2016-09-29 23:01:41,061 [Worker-405] INFO  o.e.m.c.i.e.AbstractTransferListenerAdapter - Downloaded https://repo.maven.apache.org/maven2/info/cukes/cucumber-java/1.2.5/cucumber-java-1.2.5.pom
2016-09-29 23:01:41,362 [Worker-405] INFO  o.e.m.c.i.e.AbstractTransferListenerAdapter - Downloading https://repo.maven.apache.org/maven2/info/cukes/cucumber-junit/1.2.5/cucumber-junit-1.2.5.pom
2016-09-29 23:01:41,691 [Worker-405] INFO  o.e.m.c.i.e.AbstractTransferListenerAdapter - Downloaded https://repo.maven.apache.org/maven2/info/cukes/cucumber-junit/1.2.5/cucumber-junit-1.2.5.pom
2016-09-29 23:01:42,095 [Worker-405] INFO  o.e.m.c.i.e.AbstractTransferListenerAdapter - Downloading https://repo.maven.apache.org/maven2/junit/junit-dep/4.11/junit-dep-4.11.pom
2016-09-29 23:01:42,374 [Worker-405] INFO  o.e.m.c.i.e.AbstractTransferListenerAdapter - Downloaded https://repo.maven.apache.org/maven2/junit/junit-dep/4.11/junit-dep-4.11.pom
2016-09-29 23:01:42,674 [Worker-405] INFO  o.e.m.c.i.e.AbstractTransferListenerAdapter - Downloading https://repo.maven.apache.org/maven2/junit/junit/4.11/junit-4.11.pom
2016-09-29 23:01:42,966 [Worker-405] INFO  o.e.m.c.i.e.AbstractTransferListenerAdapter - Downloaded https://repo.maven.apache.org/maven2/junit/junit/4.11/junit-4.11.pom
2016-09-29 23:01:44,384 [Worker-405] WARN  o.e.m.c.i.embedder.EclipseLogger - The artifact junit:junit-dep:jar:4.11 has been relocated to junit:junit:jar:4.11
2016-09-29 23:01:44,696 [Worker-405] INFO  o.e.m.c.i.e.AbstractTransferListenerAdapter - Downloading https://repo.maven.apache.org/maven2/info/cukes/cucumber-core/1.2.5/cucumber-core-1.2.5.jar
2016-09-29 23:01:45,902 [Worker-405] INFO  o.e.m.c.i.e.AbstractTransferListenerAdapter - Downloaded https://repo.maven.apache.org/maven2/info/cukes/cucumber-core/1.2.5/cucumber-core-1.2.5.jar
2016-09-29 23:01:46,177 [Worker-405] INFO  o.e.m.c.i.e.AbstractTransferListenerAdapter - Downloading https://repo.maven.apache.org/maven2/info/cukes/cucumber-html/0.2.3/cucumber-html-0.2.3.jar
2016-09-29 23:01:46,481 [Worker-405] INFO  o.e.m.c.i.e.AbstractTransferListenerAdapter - Downloaded https://repo.maven.apache.org/maven2/info/cukes/cucumber-html/0.2.3/cucumber-html-0.2.3.jar
2016-09-29 23:01:46,758 [Worker-405] INFO  o.e.m.c.i.e.AbstractTransferListenerAdapter - Downloading https://repo.maven.apache.org/maven2/info/cukes/cucumber-java/1.2.5/cucumber-java-1.2.5.jar
2016-09-29 23:01:47,894 [Worker-405] INFO  o.e.m.c.i.e.AbstractTransferListenerAdapter - Downloaded https://repo.maven.apache.org/maven2/info/cukes/cucumber-java/1.2.5/cucumber-java-1.2.5.jar
2016-09-29 23:01:48,169 [Worker-405] INFO  o.e.m.c.i.e.AbstractTransferListenerAdapter - Downloading https://repo.maven.apache.org/maven2/info/cukes/cucumber-junit/1.2.5/cucumber-junit-1.2.5.jar
2016-09-29 23:01:48,492 [Worker-405] INFO  o.e.m.c.i.e.AbstractTransferListenerAdapter - Downloaded https://repo.maven.apache.org/maven2/info/cukes/cucumber-junit/1.2.5/cucumber-junit-1.2.5.jar
2016-09-29 23:01:48,766 [Worker-405] INFO  o.e.m.c.i.e.AbstractTransferListenerAdapter - Downloading https://repo.maven.apache.org/maven2/junit/junit/4.11/junit-4.11.jar
2016-09-29 23:01:49,890 [Worker-405] INFO  o.e.m.c.i.e.AbstractTransferListenerAdapter - Downloaded https://repo.maven.apache.org/maven2/junit/junit/4.11/junit-4.11.jar
2016-09-29 23:01:50,167 [Worker-405] INFO  o.e.m.c.i.e.AbstractTransferListenerAdapter - Downloading https://repo.maven.apache.org/maven2/info/cukes/cucumber-jvm-deps/1.0.5/cucumber-jvm-deps-1.0.5.jar
2016-09-29 23:01:52,972 [Worker-405] INFO  o.e.m.c.i.e.AbstractTransferListenerAdapter - Downloaded https://repo.maven.apache.org/maven2/info/cukes/cucumber-jvm-deps/1.0.5/cucumber-jvm-deps-1.0.5.jar
2016-09-29 23:01:53,261 [Worker-405] INFO  o.e.m.c.i.e.AbstractTransferListenerAdapter - Downloading https://repo.maven.apache.org/maven2/org/hamcrest/hamcrest-core/1.3/hamcrest-core-1.3.jar
2016-09-29 23:01:53,560 [Worker-405] INFO  o.e.m.c.i.e.AbstractTransferListenerAdapter - Downloaded https://repo.maven.apache.org/maven2/org/hamcrest/hamcrest-core/1.3/hamcrest-core-1.3.jar
2016-09-29 23:01:53,847 [Worker-405] INFO  o.e.m.c.i.e.AbstractTransferListenerAdapter - Downloading https://repo.maven.apache.org/maven2/info/cukes/gherkin/2.12.2/gherkin-2.12.2.jar
2016-09-29 23:01:59,750 [Worker-405] INFO  o.e.m.c.i.e.AbstractTransferListenerAdapter - Downloaded https://repo.maven.apache.org/maven2/info/cukes/gherkin/2.12.2/gherkin-2.12.2.jar
2016-09-29 23:02:02,204 [Worker-405] WARN  o.e.m.c.i.embedder.EclipseLogger - Using platform encoding (Cp1252 actually) to copy filtered resources, i.e. build is platform dependent!
2016-09-29 23:02:02,215 [Worker-405] INFO  o.e.m.c.i.embedder.EclipseLogger - Copying 0 resource
2016-09-29 23:02:02,218 [Worker-405] WARN  o.e.m.c.i.embedder.EclipseLogger - Using platform encoding (Cp1252 actually) to copy filtered resources, i.e. build is platform dependent!
2016-09-29 23:02:02,221 [Worker-405] INFO  o.e.m.c.i.embedder.EclipseLogger - Copying 0 resource
2016-09-29 23:02:03,660 [Worker-408] WARN  o.e.m.c.i.embedder.EclipseLogger - The artifact junit:junit-dep:jar:4.11 has been relocated to junit:junit:jar:4.11
2016-09-29 23:02:03,700 [Worker-408] WARN  o.e.m.c.i.embedder.EclipseLogger - Using platform encoding (Cp1252 actually) to copy filtered resources, i.e. build is platform dependent!
2016-09-29 23:02:03,702 [Worker-408] INFO  o.e.m.c.i.embedder.EclipseLogger - Copying 0 resource
2016-09-29 23:02:03,704 [Worker-408] WARN  o.e.m.c.i.embedder.EclipseLogger - Using platform encoding (Cp1252 actually) to copy filtered resources, i.e. build is platform dependent!
2016-09-29 23:02:03,706 [Worker-408] INFO  o.e.m.c.i.embedder.EclipseLogger - Copying 0 resource
2016-09-29 23:04:13,243 [Worker-405] WARN  o.e.m.c.i.embedder.EclipseLogger - Using platform encoding (Cp1252 actually) to copy filtered resources, i.e. build is platform dependent!
2016-09-29 23:04:13,245 [Worker-405] INFO  o.e.m.c.i.embedder.EclipseLogger - Copying 0 resource
2016-09-29 23:04:13,247 [Worker-405] WARN  o.e.m.c.i.embedder.EclipseLogger - Using platform encoding (Cp1252 actually) to copy filtered resources, i.e. build is platform dependent!
2016-09-29 23:04:13,251 [Worker-405] INFO  o.e.m.c.i.embedder.EclipseLogger - Copying 3 resources
2016-09-29 23:04:32,622 [Worker-402] WARN  o.e.m.c.i.embedder.EclipseLogger - Using platform encoding (Cp1252 actually) to copy filtered resources, i.e. build is platform dependent!
2016-09-29 23:04:32,626 [Worker-402] INFO  o.e.m.c.i.embedder.EclipseLogger - Copying 0 resource
2016-09-29 23:04:32,628 [Worker-402] WARN  o.e.m.c.i.embedder.EclipseLogger - Using platform encoding (Cp1252 actually) to copy filtered resources, i.e. build is platform dependent!
2016-09-29 23:04:32,630 [Worker-402] INFO  o.e.m.c.i.embedder.EclipseLogger - Copying 0 resource
2016-09-29 23:05:09,304 [Worker-406] WARN  o.e.m.c.i.embedder.EclipseLogger - Using platform encoding (Cp1252 actually) to copy filtered resources, i.e. build is platform dependent!
2016-09-29 23:05:09,307 [Worker-406] INFO  o.e.m.c.i.embedder.EclipseLogger - Copying 0 resource
2016-09-29 23:05:09,310 [Worker-406] WARN  o.e.m.c.i.embedder.EclipseLogger - Using platform encoding (Cp1252 actually) to copy filtered resources, i.e. build is platform dependent!
2016-09-29 23:05:09,314 [Worker-406] INFO  o.e.m.c.i.embedder.EclipseLogger - Copying 2 resources
2016-09-29 23:08:02,488 [Worker-411] WARN  o.e.m.c.i.embedder.EclipseLogger - Using platform encoding (Cp1252 actually) to copy filtered resources, i.e. build is platform dependent!
2016-09-29 23:08:02,492 [Worker-411] INFO  o.e.m.c.i.embedder.EclipseLogger - Copying 0 resource
2016-09-29 23:08:02,496 [Worker-411] WARN  o.e.m.c.i.embedder.EclipseLogger - Using platform encoding (Cp1252 actually) to copy filtered resources, i.e. build is platform dependent!
2016-09-29 23:08:02,499 [Worker-411] INFO  o.e.m.c.i.embedder.EclipseLogger - Copying 2 resources
2016-09-29 23:08:15,736 [Worker-402] WARN  o.e.m.c.i.embedder.EclipseLogger - Using platform encoding (Cp1252 actually) to copy filtered resources, i.e. build is platform dependent!
2016-09-29 23:08:15,752 [Worker-402] INFO  o.e.m.c.i.embedder.EclipseLogger - Copying 0 resource
2016-09-29 23:08:15,754 [Worker-402] WARN  o.e.m.c.i.embedder.EclipseLogger - Using platform encoding (Cp1252 actually) to copy filtered resources, i.e. build is platform dependent!
2016-09-29 23:08:15,755 [Worker-402] INFO  o.e.m.c.i.embedder.EclipseLogger - Copying 1 resource
2016-09-29 23:08:37,847 [Worker-408] WARN  o.e.m.c.i.embedder.EclipseLogger - Using platform encoding (Cp1252 actually) to copy filtered resources, i.e. build is platform dependent!
2016-09-29 23:08:37,851 [Worker-408] INFO  o.e.m.c.i.embedder.EclipseLogger - Copying 0 resource
2016-09-29 23:08:37,856 [Worker-408] WARN  o.e.m.c.i.embedder.EclipseLogger - Using platform encoding (Cp1252 actually) to copy filtered resources, i.e. build is platform dependent!
2016-09-29 23:08:37,860 [Worker-408] INFO  o.e.m.c.i.embedder.EclipseLogger - Copying 5 resources
2016-09-29 23:18:04,806 [Worker-405] WARN  o.e.m.c.i.embedder.EclipseLogger - Using platform encoding (Cp1252 actually) to copy filtered resources, i.e. build is platform dependent!
2016-09-29 23:18:04,816 [Worker-405] INFO  o.e.m.c.i.embedder.EclipseLogger - Copying 0 resource
2016-09-29 23:18:04,819 [Worker-405] WARN  o.e.m.c.i.embedder.EclipseLogger - Using platform encoding (Cp1252 actually) to copy filtered resources, i.e. build is platform dependent!
2016-09-29 23:18:04,823 [Worker-405] INFO  o.e.m.c.i.embedder.EclipseLogger - Copying 5 resources
2016-09-29 23:20:02,526 [Worker-405] WARN  o.e.m.c.i.embedder.EclipseLogger - Using platform encoding (Cp1252 actually) to copy filtered resources, i.e. build is platform dependent!
2016-09-29 23:20:02,527 [Worker-405] INFO  o.e.m.c.i.embedder.EclipseLogger - Copying 0 resource
2016-09-29 23:20:02,529 [Worker-405] WARN  o.e.m.c.i.embedder.EclipseLogger - Using platform encoding (Cp1252 actually) to copy filtered resources, i.e. build is platform dependent!
2016-09-29 23:20:02,530 [Worker-405] INFO  o.e.m.c.i.embedder.EclipseLogger - Copying 0 resource
2016-09-29 23:21:59,439 [Worker-409] WARN  o.e.m.c.i.embedder.EclipseLogger - Using platform encoding (Cp1252 actually) to copy filtered resources, i.e. build is platform dependent!
2016-09-29 23:21:59,440 [Worker-409] INFO  o.e.m.c.i.embedder.EclipseLogger - Copying 0 resource
2016-09-29 23:21:59,442 [Worker-409] WARN  o.e.m.c.i.embedder.EclipseLogger - Using platform encoding (Cp1252 actually) to copy filtered resources, i.e. build is platform dependent!
2016-09-29 23:21:59,446 [Worker-409] INFO  o.e.m.c.i.embedder.EclipseLogger - Copying 5 resources
2016-09-29 23:25:18,155 [Worker-409] WARN  o.e.m.c.i.embedder.EclipseLogger - Using platform encoding (Cp1252 actually) to copy filtered resources, i.e. build is platform dependent!
2016-09-29 23:25:18,157 [Worker-409] INFO  o.e.m.c.i.embedder.EclipseLogger - Copying 0 resource
2016-09-29 23:25:18,161 [Worker-409] WARN  o.e.m.c.i.embedder.EclipseLogger - Using platform encoding (Cp1252 actually) to copy filtered resources, i.e. build is platform dependent!
2016-09-29 23:25:18,165 [Worker-409] INFO  o.e.m.c.i.embedder.EclipseLogger - Copying 5 resources
2016-09-29 23:25:47,593 [Worker-414] WARN  o.e.m.c.i.embedder.EclipseLogger - Using platform encoding (Cp1252 actually) to copy filtered resources, i.e. build is platform dependent!
2016-09-29 23:25:47,596 [Worker-414] INFO  o.e.m.c.i.embedder.EclipseLogger - Copying 0 resource
2016-09-29 23:25:47,600 [Worker-414] WARN  o.e.m.c.i.embedder.EclipseLogger - Using platform encoding (Cp1252 actually) to copy filtered resources, i.e. build is platform dependent!
2016-09-29 23:25:47,605 [Worker-414] INFO  o.e.m.c.i.embedder.EclipseLogger - Copying 5 resources
2016-09-29 23:26:28,265 [Worker-417] WARN  o.e.m.c.i.embedder.EclipseLogger - Using platform encoding (Cp1252 actually) to copy filtered resources, i.e. build is platform dependent!
2016-09-29 23:26:28,268 [Worker-417] INFO  o.e.m.c.i.embedder.EclipseLogger - Copying 0 resource
2016-09-29 23:26:28,270 [Worker-417] WARN  o.e.m.c.i.embedder.EclipseLogger - Using platform encoding (Cp1252 actually) to copy filtered resources, i.e. build is platform dependent!
2016-09-29 23:26:28,274 [Worker-417] INFO  o.e.m.c.i.embedder.EclipseLogger - Copying 5 resources
2016-09-29 23:28:51,271 [Worker-416] WARN  o.e.m.c.i.embedder.EclipseLogger - Using platform encoding (Cp1252 actually) to copy filtered resources, i.e. build is platform dependent!
2016-09-29 23:28:51,275 [Worker-416] INFO  o.e.m.c.i.embedder.EclipseLogger - Copying 0 resource
2016-09-29 23:28:51,279 [Worker-416] WARN  o.e.m.c.i.embedder.EclipseLogger - Using platform encoding (Cp1252 actually) to copy filtered resources, i.e. build is platform dependent!
2016-09-29 23:28:51,284 [Worker-416] INFO  o.e.m.c.i.embedder.EclipseLogger - Copying 5 resources
2016-09-29 23:29:26,433 [Worker-418] WARN  o.e.m.c.i.embedder.EclipseLogger - Using platform encoding (Cp1252 actually) to copy filtered resources, i.e. build is platform dependent!
2016-09-29 23:29:26,436 [Worker-418] INFO  o.e.m.c.i.embedder.EclipseLogger - Copying 0 resource
2016-09-29 23:29:26,442 [Worker-418] WARN  o.e.m.c.i.embedder.EclipseLogger - Using platform encoding (Cp1252 actually) to copy filtered resources, i.e. build is platform dependent!
2016-09-29 23:29:26,447 [Worker-418] INFO  o.e.m.c.i.embedder.EclipseLogger - Copying 1 resource
2016-09-29 23:30:07,768 [Worker-406] WARN  o.e.m.c.i.embedder.EclipseLogger - Using platform encoding (Cp1252 actually) to copy filtered resources, i.e. build is platform dependent!
2016-09-29 23:30:07,770 [Worker-406] INFO  o.e.m.c.i.embedder.EclipseLogger - Copying 0 resource
2016-09-29 23:30:07,771 [Worker-406] WARN  o.e.m.c.i.embedder.EclipseLogger - Using platform encoding (Cp1252 actually) to copy filtered resources, i.e. build is platform dependent!
2016-09-29 23:30:07,772 [Worker-406] INFO  o.e.m.c.i.embedder.EclipseLogger - Copying 5 resources
2016-09-29 23:30:44,660 [Worker-413] INFO  o.e.m.c.i.e.AbstractTransferListenerAdapter - Downloading https://repo.maven.apache.org/maven2/info/cukes/cucumber-java/1.2.5/cucumber-java-1.2.5-sources.jar
2016-09-29 23:30:46,251 [Worker-413] INFO  o.e.m.c.i.e.AbstractTransferListenerAdapter - Downloaded https://repo.maven.apache.org/maven2/info/cukes/cucumber-java/1.2.5/cucumber-java-1.2.5-sources.jar
2016-09-29 23:30:46,397 [Worker-413] INFO  o.e.m.j.internal.DownloadSourcesJob - Downloaded sources for info.cukes:cucumber-java:1.2.5
2016-09-29 23:30:46,865 [Worker-414] WARN  o.e.m.c.i.embedder.EclipseLogger - Using platform encoding (Cp1252 actually) to copy filtered resources, i.e. build is platform dependent!
2016-09-29 23:30:46,868 [Worker-414] INFO  o.e.m.c.i.embedder.EclipseLogger - Copying 0 resource
2016-09-29 23:30:46,870 [Worker-414] WARN  o.e.m.c.i.embedder.EclipseLogger - Using platform encoding (Cp1252 actually) to copy filtered resources, i.e. build is platform dependent!
2016-09-29 23:30:46,873 [Worker-414] INFO  o.e.m.c.i.embedder.EclipseLogger - Copying 0 resource
2016-09-29 23:33:08,533 [Worker-406] WARN  o.e.m.c.i.embedder.EclipseLogger - Using platform encoding (Cp1252 actually) to copy filtered resources, i.e. build is platform dependent!
2016-09-29 23:33:08,536 [Worker-406] INFO  o.e.m.c.i.embedder.EclipseLogger - Copying 0 resource
2016-09-29 23:33:08,539 [Worker-406] WARN  o.e.m.c.i.embedder.EclipseLogger - Using platform encoding (Cp1252 actually) to copy filtered resources, i.e. build is platform dependent!
2016-09-29 23:33:08,543 [Worker-406] INFO  o.e.m.c.i.embedder.EclipseLogger - Copying 5 resources
2016-09-29 23:33:21,072 [Worker-417] WARN  o.e.m.c.i.embedder.EclipseLogger - Using platform encoding (Cp1252 actually) to copy filtered resources, i.e. build is platform dependent!
2016-09-29 23:33:21,075 [Worker-417] INFO  o.e.m.c.i.embedder.EclipseLogger - Copying 0 resource
2016-09-29 23:33:21,076 [Worker-417] WARN  o.e.m.c.i.embedder.EclipseLogger - Using platform encoding (Cp1252 actually) to copy filtered resources, i.e. build is platform dependent!
2016-09-29 23:33:21,079 [Worker-417] INFO  o.e.m.c.i.embedder.EclipseLogger - Copying 5 resources
2016-09-29 23:35:20,156 [Worker-419] WARN  o.e.m.c.i.embedder.EclipseLogger - Using platform encoding (Cp1252 actually) to copy filtered resources, i.e. build is platform dependent!
2016-09-29 23:35:20,158 [Worker-419] INFO  o.e.m.c.i.embedder.EclipseLogger - Copying 0 resource
2016-09-29 23:35:20,159 [Worker-419] WARN  o.e.m.c.i.embedder.EclipseLogger - Using platform encoding (Cp1252 actually) to copy filtered resources, i.e. build is platform dependent!
2016-09-29 23:35:20,161 [Worker-419] INFO  o.e.m.c.i.embedder.EclipseLogger - Copying 5 resources
2016-09-30 18:53:15,639 [Worker-437] WARN  o.e.m.c.i.embedder.EclipseLogger - Using platform encoding (Cp1252 actually) to copy filtered resources, i.e. build is platform dependent!
2016-09-30 18:53:16,106 [Worker-437] INFO  o.e.m.c.i.embedder.EclipseLogger - Copying 0 resource
2016-09-30 18:53:16,128 [Worker-437] WARN  o.e.m.c.i.embedder.EclipseLogger - Using platform encoding (Cp1252 actually) to copy filtered resources, i.e. build is platform dependent!
2016-09-30 18:53:16,131 [Worker-437] INFO  o.e.m.c.i.embedder.EclipseLogger - Copying 0 resource
2016-09-30 18:55:16,268 [Worker-453] WARN  o.e.m.c.i.embedder.EclipseLogger - Using platform encoding (Cp1252 actually) to copy filtered resources, i.e. build is platform dependent!
2016-09-30 18:55:16,269 [Worker-453] INFO  o.e.m.c.i.embedder.EclipseLogger - Copying 0 resource
2016-09-30 18:55:16,271 [Worker-453] WARN  o.e.m.c.i.embedder.EclipseLogger - Using platform encoding (Cp1252 actually) to copy filtered resources, i.e. build is platform dependent!
2016-09-30 18:55:16,326 [Worker-453] INFO  o.e.m.c.i.embedder.EclipseLogger - Copying 1 resource
2016-09-30 21:27:38,927 [Worker-431] INFO  o.e.m.i.launch.MavenLaunchDelegate - D:\DMI Project & documents\WildBird\AutomationMobile\BackOffice
2016-09-30 21:27:38,986 [Worker-431] INFO  o.e.m.i.launch.MavenLaunchDelegate -  mvn -B test
2016-09-30 21:27:58,499 [Worker-431] WARN  o.e.m.c.i.embedder.EclipseLogger - Using platform encoding (Cp1252 actually) to copy filtered resources, i.e. build is platform dependent!
2016-09-30 21:27:58,501 [Worker-431] INFO  o.e.m.c.i.embedder.EclipseLogger - Copying 0 resource
2016-09-30 21:27:58,502 [Worker-431] WARN  o.e.m.c.i.embedder.EclipseLogger - Using platform encoding (Cp1252 actually) to copy filtered resources, i.e. build is platform dependent!
2016-09-30 21:27:58,513 [Worker-431] INFO  o.e.m.c.i.embedder.EclipseLogger - Copying 5 resources
2016-09-30 22:51:31,674 [Worker-455] WARN  o.e.m.c.i.embedder.EclipseLogger - Using platform encoding (Cp1252 actually) to copy filtered resources, i.e. build is platform dependent!
2016-09-30 22:51:31,814 [Worker-455] INFO  o.e.m.c.i.embedder.EclipseLogger - Copying 0 resource
2016-09-30 22:51:31,815 [Worker-455] WARN  o.e.m.c.i.embedder.EclipseLogger - Using platform encoding (Cp1252 actually) to copy filtered resources, i.e. build is platform dependent!
2016-09-30 22:51:31,817 [Worker-455] INFO  o.e.m.c.i.embedder.EclipseLogger - Copying 5 resources
2016-09-30 22:51:43,666 [Worker-431] INFO  o.e.m.i.launch.MavenLaunchDelegate - D:\DMI Project & documents\WildBird\AutomationMobile\BackOffice
2016-09-30 22:51:43,666 [Worker-431] INFO  o.e.m.i.launch.MavenLaunchDelegate -  mvn -B test
2016-09-30 22:52:00,480 [Worker-461] WARN  o.e.m.c.i.embedder.EclipseLogger - Using platform encoding (Cp1252 actually) to copy filtered resources, i.e. build is platform dependent!
2016-09-30 22:52:00,482 [Worker-461] INFO  o.e.m.c.i.embedder.EclipseLogger - Copying 0 resource
2016-09-30 22:52:00,484 [Worker-461] WARN  o.e.m.c.i.embedder.EclipseLogger - Using platform encoding (Cp1252 actually) to copy filtered resources, i.e. build is platform dependent!
2016-09-30 22:52:00,486 [Worker-461] INFO  o.e.m.c.i.embedder.EclipseLogger - Copying 0 resource
2016-09-30 23:20:40,742 [Worker-458] WARN  o.e.m.c.i.embedder.EclipseLogger - Using platform encoding (Cp1252 actually) to copy filtered resources, i.e. build is platform dependent!
2016-09-30 23:20:40,744 [Worker-458] INFO  o.e.m.c.i.embedder.EclipseLogger - Copying 0 resource
2016-09-30 23:20:40,782 [Worker-458] WARN  o.e.m.c.i.embedder.EclipseLogger - Using platform encoding (Cp1252 actually) to copy filtered resources, i.e. build is platform dependent!
2016-09-30 23:20:40,783 [Worker-458] INFO  o.e.m.c.i.embedder.EclipseLogger - Copying 1 resource
2016-09-30 23:25:22,017 [Worker-462] WARN  o.e.m.c.i.embedder.EclipseLogger - Using platform encoding (Cp1252 actually) to copy filtered resources, i.e. build is platform dependent!
2016-09-30 23:25:22,021 [Worker-462] INFO  o.e.m.c.i.embedder.EclipseLogger - Copying 0 resource
2016-09-30 23:25:22,024 [Worker-462] WARN  o.e.m.c.i.embedder.EclipseLogger - Using platform encoding (Cp1252 actually) to copy filtered resources, i.e. build is platform dependent!
2016-09-30 23:25:22,030 [Worker-462] INFO  o.e.m.c.i.embedder.EclipseLogger - Copying 5 resources
2016-09-30 23:25:44,158 [Worker-437] WARN  o.e.m.c.i.embedder.EclipseLogger - Using platform encoding (Cp1252 actually) to copy filtered resources, i.e. build is platform dependent!
2016-09-30 23:25:44,161 [Worker-437] INFO  o.e.m.c.i.embedder.EclipseLogger - Copying 0 resource
2016-09-30 23:25:44,178 [Worker-437] WARN  o.e.m.c.i.embedder.EclipseLogger - Using platform encoding (Cp1252 actually) to copy filtered resources, i.e. build is platform dependent!
2016-09-30 23:25:44,182 [Worker-437] INFO  o.e.m.c.i.embedder.EclipseLogger - Copying 5 resources
2016-09-30 23:28:08,339 [Worker-458] WARN  o.e.m.c.i.embedder.EclipseLogger - Using platform encoding (Cp1252 actually) to copy filtered resources, i.e. build is platform dependent!
2016-09-30 23:28:08,342 [Worker-458] INFO  o.e.m.c.i.embedder.EclipseLogger - Copying 0 resource
2016-09-30 23:28:08,345 [Worker-458] WARN  o.e.m.c.i.embedder.EclipseLogger - Using platform encoding (Cp1252 actually) to copy filtered resources, i.e. build is platform dependent!
2016-09-30 23:28:08,349 [Worker-458] INFO  o.e.m.c.i.embedder.EclipseLogger - Copying 5 resources
2016-09-30 23:34:50,321 [Worker-455] WARN  o.e.m.c.i.embedder.EclipseLogger - Using platform encoding (Cp1252 actually) to copy filtered resources, i.e. build is platform dependent!
2016-09-30 23:34:50,322 [Worker-455] INFO  o.e.m.c.i.embedder.EclipseLogger - Copying 0 resource
2016-09-30 23:34:50,323 [Worker-455] WARN  o.e.m.c.i.embedder.EclipseLogger - Using platform encoding (Cp1252 actually) to copy filtered resources, i.e. build is platform dependent!
2016-09-30 23:34:50,325 [Worker-455] INFO  o.e.m.c.i.embedder.EclipseLogger - Copying 5 resources
2016-09-30 23:42:16,813 [Worker-451] WARN  o.e.m.c.i.embedder.EclipseLogger - Using platform encoding (Cp1252 actually) to copy filtered resources, i.e. build is platform dependent!
2016-09-30 23:42:16,814 [Worker-451] INFO  o.e.m.c.i.embedder.EclipseLogger - Copying 0 resource
2016-09-30 23:42:16,816 [Worker-451] WARN  o.e.m.c.i.embedder.EclipseLogger - Using platform encoding (Cp1252 actually) to copy filtered resources, i.e. build is platform dependent!
2016-09-30 23:42:16,817 [Worker-451] INFO  o.e.m.c.i.embedder.EclipseLogger - Copying 2 resources
2016-09-30 23:43:45,150 [Worker-437] WARN  o.e.m.c.i.embedder.EclipseLogger - Using platform encoding (Cp1252 actually) to copy filtered resources, i.e. build is platform dependent!
2016-09-30 23:43:45,167 [Worker-437] INFO  o.e.m.c.i.embedder.EclipseLogger - Copying 0 resource
2016-09-30 23:43:45,168 [Worker-437] WARN  o.e.m.c.i.embedder.EclipseLogger - Using platform encoding (Cp1252 actually) to copy filtered resources, i.e. build is platform dependent!
2016-09-30 23:43:45,169 [Worker-437] INFO  o.e.m.c.i.embedder.EclipseLogger - Copying 7 resources
2016-09-30 23:45:39,397 [Worker-462] WARN  o.e.m.c.i.embedder.EclipseLogger - Using platform encoding (Cp1252 actually) to copy filtered resources, i.e. build is platform dependent!
2016-09-30 23:45:39,398 [Worker-462] INFO  o.e.m.c.i.embedder.EclipseLogger - Copying 0 resource
2016-09-30 23:45:39,399 [Worker-462] WARN  o.e.m.c.i.embedder.EclipseLogger - Using platform encoding (Cp1252 actually) to copy filtered resources, i.e. build is platform dependent!
2016-09-30 23:45:39,401 [Worker-462] INFO  o.e.m.c.i.embedder.EclipseLogger - Copying 7 resources
2016-09-30 23:47:50,529 [Worker-462] WARN  o.e.m.c.i.embedder.EclipseLogger - Using platform encoding (Cp1252 actually) to copy filtered resources, i.e. build is platform dependent!
2016-09-30 23:47:50,531 [Worker-462] INFO  o.e.m.c.i.embedder.EclipseLogger - Copying 0 resource
2016-09-30 23:47:50,532 [Worker-462] WARN  o.e.m.c.i.embedder.EclipseLogger - Using platform encoding (Cp1252 actually) to copy filtered resources, i.e. build is platform dependent!
2016-09-30 23:47:50,533 [Worker-462] INFO  o.e.m.c.i.embedder.EclipseLogger - Copying 7 resources
2016-09-30 23:48:24,996 [Worker-462] WARN  o.e.m.c.i.embedder.EclipseLogger - Using platform encoding (Cp1252 actually) to copy filtered resources, i.e. build is platform dependent!
2016-09-30 23:48:24,998 [Worker-462] INFO  o.e.m.c.i.embedder.EclipseLogger - Copying 0 resource
2016-09-30 23:48:25,000 [Worker-462] WARN  o.e.m.c.i.embedder.EclipseLogger - Using platform encoding (Cp1252 actually) to copy filtered resources, i.e. build is platform dependent!
2016-09-30 23:48:25,003 [Worker-462] INFO  o.e.m.c.i.embedder.EclipseLogger - Copying 7 resources
2016-09-30 23:51:58,245 [Worker-437] WARN  o.e.m.c.i.embedder.EclipseLogger - Using platform encoding (Cp1252 actually) to copy filtered resources, i.e. build is platform dependent!
2016-09-30 23:51:58,248 [Worker-437] INFO  o.e.m.c.i.embedder.EclipseLogger - Copying 0 resource
2016-09-30 23:51:58,249 [Worker-437] WARN  o.e.m.c.i.embedder.EclipseLogger - Using platform encoding (Cp1252 actually) to copy filtered resources, i.e. build is platform dependent!
2016-09-30 23:51:58,252 [Worker-437] INFO  o.e.m.c.i.embedder.EclipseLogger - Copying 7 resources
2016-09-30 23:54:33,523 [Worker-462] WARN  o.e.m.c.i.embedder.EclipseLogger - Using platform encoding (Cp1252 actually) to copy filtered resources, i.e. build is platform dependent!
2016-09-30 23:54:33,525 [Worker-462] INFO  o.e.m.c.i.embedder.EclipseLogger - Copying 0 resource
2016-09-30 23:54:33,527 [Worker-462] WARN  o.e.m.c.i.embedder.EclipseLogger - Using platform encoding (Cp1252 actually) to copy filtered resources, i.e. build is platform dependent!
2016-09-30 23:54:33,529 [Worker-462] INFO  o.e.m.c.i.embedder.EclipseLogger - Copying 7 resources
2016-09-30 23:55:24,922 [Worker-465] WARN  o.e.m.c.i.embedder.EclipseLogger - Using platform encoding (Cp1252 actually) to copy filtered resources, i.e. build is platform dependent!
2016-09-30 23:55:24,924 [Worker-465] INFO  o.e.m.c.i.embedder.EclipseLogger - Copying 0 resource
2016-09-30 23:55:24,925 [Worker-465] WARN  o.e.m.c.i.embedder.EclipseLogger - Using platform encoding (Cp1252 actually) to copy filtered resources, i.e. build is platform dependent!
2016-09-30 23:55:24,927 [Worker-465] INFO  o.e.m.c.i.embedder.EclipseLogger - Copying 1 resource
2016-09-30 23:55:36,462 [Worker-466] WARN  o.e.m.c.i.embedder.EclipseLogger - Using platform encoding (Cp1252 actually) to copy filtered resources, i.e. build is platform dependent!
2016-09-30 23:55:36,463 [Worker-466] INFO  o.e.m.c.i.embedder.EclipseLogger - Copying 0 resource
2016-09-30 23:55:36,464 [Worker-466] WARN  o.e.m.c.i.embedder.EclipseLogger - Using platform encoding (Cp1252 actually) to copy filtered resources, i.e. build is platform dependent!
2016-09-30 23:55:36,465 [Worker-466] INFO  o.e.m.c.i.embedder.EclipseLogger - Copying 8 resources
2016-09-30 23:56:14,458 [Worker-455] WARN  o.e.m.c.i.embedder.EclipseLogger - Using platform encoding (Cp1252 actually) to copy filtered resources, i.e. build is platform dependent!
2016-09-30 23:56:14,461 [Worker-455] INFO  o.e.m.c.i.embedder.EclipseLogger - Copying 0 resource
2016-09-30 23:56:14,463 [Worker-455] WARN  o.e.m.c.i.embedder.EclipseLogger - Using platform encoding (Cp1252 actually) to copy filtered resources, i.e. build is platform dependent!
2016-09-30 23:56:14,466 [Worker-455] INFO  o.e.m.c.i.embedder.EclipseLogger - Copying 1 resource
2016-09-30 23:58:05,121 [Worker-437] WARN  o.e.m.c.i.embedder.EclipseLogger - Using platform encoding (Cp1252 actually) to copy filtered resources, i.e. build is platform dependent!
2016-09-30 23:58:05,124 [Worker-437] INFO  o.e.m.c.i.embedder.EclipseLogger - Copying 0 resource
2016-09-30 23:58:05,125 [Worker-437] WARN  o.e.m.c.i.embedder.EclipseLogger - Using platform encoding (Cp1252 actually) to copy filtered resources, i.e. build is platform dependent!
2016-09-30 23:58:05,127 [Worker-437] INFO  o.e.m.c.i.embedder.EclipseLogger - Copying 8 resources
2016-10-02 00:38:37,553 [Worker-483] WARN  o.e.m.c.i.embedder.EclipseLogger - Using platform encoding (Cp1252 actually) to copy filtered resources, i.e. build is platform dependent!
2016-10-02 00:38:37,686 [Worker-483] INFO  o.e.m.c.i.embedder.EclipseLogger - Copying 0 resource
2016-10-02 00:38:37,689 [Worker-483] WARN  o.e.m.c.i.embedder.EclipseLogger - Using platform encoding (Cp1252 actually) to copy filtered resources, i.e. build is platform dependent!
2016-10-02 00:38:37,722 [Worker-483] INFO  o.e.m.c.i.embedder.EclipseLogger - Copying 8 resources
2016-10-02 00:43:38,550 [Worker-479] WARN  o.e.m.c.i.embedder.EclipseLogger - Using platform encoding (Cp1252 actually) to copy filtered resources, i.e. build is platform dependent!
2016-10-02 00:43:38,552 [Worker-479] INFO  o.e.m.c.i.embedder.EclipseLogger - Copying 0 resource
2016-10-02 00:43:38,553 [Worker-479] WARN  o.e.m.c.i.embedder.EclipseLogger - Using platform encoding (Cp1252 actually) to copy filtered resources, i.e. build is platform dependent!
2016-10-02 00:43:38,556 [Worker-479] INFO  o.e.m.c.i.embedder.EclipseLogger - Copying 8 resources
2016-10-02 00:44:59,580 [Worker-467] WARN  o.e.m.c.i.embedder.EclipseLogger - Using platform encoding (Cp1252 actually) to copy filtered resources, i.e. build is platform dependent!
2016-10-02 00:44:59,583 [Worker-467] INFO  o.e.m.c.i.embedder.EclipseLogger - Copying 0 resource
2016-10-02 00:44:59,586 [Worker-467] WARN  o.e.m.c.i.embedder.EclipseLogger - Using platform encoding (Cp1252 actually) to copy filtered resources, i.e. build is platform dependent!
2016-10-02 00:44:59,591 [Worker-467] INFO  o.e.m.c.i.embedder.EclipseLogger - Copying 8 resources
2016-10-02 00:45:04,173 [Worker-481] WARN  o.e.m.c.i.embedder.EclipseLogger - Using platform encoding (Cp1252 actually) to copy filtered resources, i.e. build is platform dependent!
2016-10-02 00:45:04,175 [Worker-481] INFO  o.e.m.c.i.embedder.EclipseLogger - Copying 0 resource
2016-10-02 00:45:04,176 [Worker-481] WARN  o.e.m.c.i.embedder.EclipseLogger - Using platform encoding (Cp1252 actually) to copy filtered resources, i.e. build is platform dependent!
2016-10-02 00:45:04,178 [Worker-481] INFO  o.e.m.c.i.embedder.EclipseLogger - Copying 8 resources
2016-10-02 00:47:25,613 [Worker-479] WARN  o.e.m.c.i.embedder.EclipseLogger - Using platform encoding (Cp1252 actually) to copy filtered resources, i.e. build is platform dependent!
2016-10-02 00:47:25,615 [Worker-479] INFO  o.e.m.c.i.embedder.EclipseLogger - Copying 0 resource
2016-10-02 00:47:25,623 [Worker-479] WARN  o.e.m.c.i.embedder.EclipseLogger - Using platform encoding (Cp1252 actually) to copy filtered resources, i.e. build is platform dependent!
2016-10-02 00:47:25,625 [Worker-479] INFO  o.e.m.c.i.embedder.EclipseLogger - Copying 8 resources
2016-10-02 00:48:34,932 [Worker-482] WARN  o.e.m.c.i.embedder.EclipseLogger - Using platform encoding (Cp1252 actually) to copy filtered resources, i.e. build is platform dependent!
2016-10-02 00:48:34,934 [Worker-482] INFO  o.e.m.c.i.embedder.EclipseLogger - Copying 0 resource
2016-10-02 00:48:34,935 [Worker-482] WARN  o.e.m.c.i.embedder.EclipseLogger - Using platform encoding (Cp1252 actually) to copy filtered resources, i.e. build is platform dependent!
2016-10-02 00:48:34,937 [Worker-482] INFO  o.e.m.c.i.embedder.EclipseLogger - Copying 8 resources
2016-10-02 00:48:54,910 [Worker-483] WARN  o.e.m.c.i.embedder.EclipseLogger - Using platform encoding (Cp1252 actually) to copy filtered resources, i.e. build is platform dependent!
2016-10-02 00:48:54,911 [Worker-483] INFO  o.e.m.c.i.embedder.EclipseLogger - Copying 0 resource
2016-10-02 00:48:54,912 [Worker-483] WARN  o.e.m.c.i.embedder.EclipseLogger - Using platform encoding (Cp1252 actually) to copy filtered resources, i.e. build is platform dependent!
2016-10-02 00:48:54,914 [Worker-483] INFO  o.e.m.c.i.embedder.EclipseLogger - Copying 8 resources
2016-10-02 00:49:04,397 [Worker-482] WARN  o.e.m.c.i.embedder.EclipseLogger - Using platform encoding (Cp1252 actually) to copy filtered resources, i.e. build is platform dependent!
2016-10-02 00:49:04,398 [Worker-482] INFO  o.e.m.c.i.embedder.EclipseLogger - Copying 0 resource
2016-10-02 00:49:04,400 [Worker-482] WARN  o.e.m.c.i.embedder.EclipseLogger - Using platform encoding (Cp1252 actually) to copy filtered resources, i.e. build is platform dependent!
2016-10-02 00:49:04,403 [Worker-482] INFO  o.e.m.c.i.embedder.EclipseLogger - Copying 8 resources
2016-10-02 00:49:16,592 [Worker-479] WARN  o.e.m.c.i.embedder.EclipseLogger - Using platform encoding (Cp1252 actually) to copy filtered resources, i.e. build is platform dependent!
2016-10-02 00:49:16,594 [Worker-479] INFO  o.e.m.c.i.embedder.EclipseLogger - Copying 0 resource
2016-10-02 00:49:16,595 [Worker-479] WARN  o.e.m.c.i.embedder.EclipseLogger - Using platform encoding (Cp1252 actually) to copy filtered resources, i.e. build is platform dependent!
2016-10-02 00:49:16,598 [Worker-479] INFO  o.e.m.c.i.embedder.EclipseLogger - Copying 8 resources
2016-10-02 00:50:50,479 [Worker-484] WARN  o.e.m.c.i.embedder.EclipseLogger - Using platform encoding (Cp1252 actually) to copy filtered resources, i.e. build is platform dependent!
2016-10-02 00:50:50,482 [Worker-484] INFO  o.e.m.c.i.embedder.EclipseLogger - Copying 0 resource
2016-10-02 00:50:50,484 [Worker-484] WARN  o.e.m.c.i.embedder.EclipseLogger - Using platform encoding (Cp1252 actually) to copy filtered resources, i.e. build is platform dependent!
2016-10-02 00:50:50,507 [Worker-484] INFO  o.e.m.c.i.embedder.EclipseLogger - Copying 8 resources
2016-10-02 00:50:58,854 [Worker-482] WARN  o.e.m.c.i.embedder.EclipseLogger - Using platform encoding (Cp1252 actually) to copy filtered resources, i.e. build is platform dependent!
2016-10-02 00:50:58,857 [Worker-482] INFO  o.e.m.c.i.embedder.EclipseLogger - Copying 0 resource
2016-10-02 00:50:58,859 [Worker-482] WARN  o.e.m.c.i.embedder.EclipseLogger - Using platform encoding (Cp1252 actually) to copy filtered resources, i.e. build is platform dependent!
2016-10-02 00:50:58,861 [Worker-482] INFO  o.e.m.c.i.embedder.EclipseLogger - Copying 8 resources
2016-10-02 00:51:05,318 [Worker-477] WARN  o.e.m.c.i.embedder.EclipseLogger - Using platform encoding (Cp1252 actually) to copy filtered resources, i.e. build is platform dependent!
2016-10-02 00:51:05,321 [Worker-477] INFO  o.e.m.c.i.embedder.EclipseLogger - Copying 0 resource
2016-10-02 00:51:05,323 [Worker-477] WARN  o.e.m.c.i.embedder.EclipseLogger - Using platform encoding (Cp1252 actually) to copy filtered resources, i.e. build is platform dependent!
2016-10-02 00:51:05,327 [Worker-477] INFO  o.e.m.c.i.embedder.EclipseLogger - Copying 8 resources
2016-10-02 00:51:11,749 [Worker-482] WARN  o.e.m.c.i.embedder.EclipseLogger - Using platform encoding (Cp1252 actually) to copy filtered resources, i.e. build is platform dependent!
2016-10-02 00:51:11,751 [Worker-482] INFO  o.e.m.c.i.embedder.EclipseLogger - Copying 0 resource
2016-10-02 00:51:11,752 [Worker-482] WARN  o.e.m.c.i.embedder.EclipseLogger - Using platform encoding (Cp1252 actually) to copy filtered resources, i.e. build is platform dependent!
2016-10-02 00:51:11,754 [Worker-482] INFO  o.e.m.c.i.embedder.EclipseLogger - Copying 8 resources
2016-10-02 00:51:46,051 [Worker-477] WARN  o.e.m.c.i.embedder.EclipseLogger - Using platform encoding (Cp1252 actually) to copy filtered resources, i.e. build is platform dependent!
2016-10-02 00:51:46,054 [Worker-477] INFO  o.e.m.c.i.embedder.EclipseLogger - Copying 0 resource
2016-10-02 00:51:46,056 [Worker-477] WARN  o.e.m.c.i.embedder.EclipseLogger - Using platform encoding (Cp1252 actually) to copy filtered resources, i.e. build is platform dependent!
2016-10-02 00:51:46,061 [Worker-477] INFO  o.e.m.c.i.embedder.EclipseLogger - Copying 8 resources
2016-10-02 00:51:51,348 [Worker-467] WARN  o.e.m.c.i.embedder.EclipseLogger - Using platform encoding (Cp1252 actually) to copy filtered resources, i.e. build is platform dependent!
2016-10-02 00:51:51,351 [Worker-467] INFO  o.e.m.c.i.embedder.EclipseLogger - Copying 0 resource
2016-10-02 00:51:51,353 [Worker-467] WARN  o.e.m.c.i.embedder.EclipseLogger - Using platform encoding (Cp1252 actually) to copy filtered resources, i.e. build is platform dependent!
2016-10-02 00:51:51,359 [Worker-467] INFO  o.e.m.c.i.embedder.EclipseLogger - Copying 8 resources
2016-10-02 00:51:56,177 [Worker-484] WARN  o.e.m.c.i.embedder.EclipseLogger - Using platform encoding (Cp1252 actually) to copy filtered resources, i.e. build is platform dependent!
2016-10-02 00:51:56,180 [Worker-484] INFO  o.e.m.c.i.embedder.EclipseLogger - Copying 0 resource
2016-10-02 00:51:56,182 [Worker-484] WARN  o.e.m.c.i.embedder.EclipseLogger - Using platform encoding (Cp1252 actually) to copy filtered resources, i.e. build is platform dependent!
2016-10-02 00:51:56,186 [Worker-484] INFO  o.e.m.c.i.embedder.EclipseLogger - Copying 8 resources
2016-10-02 00:52:15,586 [Worker-484] WARN  o.e.m.c.i.embedder.EclipseLogger - Using platform encoding (Cp1252 actually) to copy filtered resources, i.e. build is platform dependent!
2016-10-02 00:52:15,589 [Worker-484] INFO  o.e.m.c.i.embedder.EclipseLogger - Copying 0 resource
2016-10-02 00:52:15,596 [Worker-484] WARN  o.e.m.c.i.embedder.EclipseLogger - Using platform encoding (Cp1252 actually) to copy filtered resources, i.e. build is platform dependent!
2016-10-02 00:52:15,602 [Worker-484] INFO  o.e.m.c.i.embedder.EclipseLogger - Copying 8 resources
2016-10-02 00:52:24,977 [Worker-479] WARN  o.e.m.c.i.embedder.EclipseLogger - Using platform encoding (Cp1252 actually) to copy filtered resources, i.e. build is platform dependent!
2016-10-02 00:52:24,980 [Worker-479] INFO  o.e.m.c.i.embedder.EclipseLogger - Copying 0 resource
2016-10-02 00:52:24,982 [Worker-479] WARN  o.e.m.c.i.embedder.EclipseLogger - Using platform encoding (Cp1252 actually) to copy filtered resources, i.e. build is platform dependent!
2016-10-02 00:52:24,985 [Worker-479] INFO  o.e.m.c.i.embedder.EclipseLogger - Copying 8 resources
2016-10-02 00:52:35,442 [Worker-479] WARN  o.e.m.c.i.embedder.EclipseLogger - Using platform encoding (Cp1252 actually) to copy filtered resources, i.e. build is platform dependent!
2016-10-02 00:52:35,445 [Worker-479] INFO  o.e.m.c.i.embedder.EclipseLogger - Copying 0 resource
2016-10-02 00:52:35,447 [Worker-479] WARN  o.e.m.c.i.embedder.EclipseLogger - Using platform encoding (Cp1252 actually) to copy filtered resources, i.e. build is platform dependent!
2016-10-02 00:52:35,451 [Worker-479] INFO  o.e.m.c.i.embedder.EclipseLogger - Copying 8 resources
2016-10-02 00:53:00,147 [Worker-467] WARN  o.e.m.c.i.embedder.EclipseLogger - Using platform encoding (Cp1252 actually) to copy filtered resources, i.e. build is platform dependent!
2016-10-02 00:53:00,148 [Worker-467] INFO  o.e.m.c.i.embedder.EclipseLogger - Copying 0 resource
2016-10-02 00:53:00,149 [Worker-467] WARN  o.e.m.c.i.embedder.EclipseLogger - Using platform encoding (Cp1252 actually) to copy filtered resources, i.e. build is platform dependent!
2016-10-02 00:53:00,151 [Worker-467] INFO  o.e.m.c.i.embedder.EclipseLogger - Copying 8 resources
2016-10-02 00:53:06,330 [Worker-479] WARN  o.e.m.c.i.embedder.EclipseLogger - Using platform encoding (Cp1252 actually) to copy filtered resources, i.e. build is platform dependent!
2016-10-02 00:53:06,331 [Worker-479] INFO  o.e.m.c.i.embedder.EclipseLogger - Copying 0 resource
2016-10-02 00:53:06,332 [Worker-479] WARN  o.e.m.c.i.embedder.EclipseLogger - Using platform encoding (Cp1252 actually) to copy filtered resources, i.e. build is platform dependent!
2016-10-02 00:53:06,334 [Worker-479] INFO  o.e.m.c.i.embedder.EclipseLogger - Copying 8 resources
2016-10-02 00:53:08,838 [Worker-479] WARN  o.e.m.c.i.embedder.EclipseLogger - Using platform encoding (Cp1252 actually) to copy filtered resources, i.e. build is platform dependent!
2016-10-02 00:53:08,841 [Worker-479] INFO  o.e.m.c.i.embedder.EclipseLogger - Copying 0 resource
2016-10-02 00:53:08,843 [Worker-479] WARN  o.e.m.c.i.embedder.EclipseLogger - Using platform encoding (Cp1252 actually) to copy filtered resources, i.e. build is platform dependent!
2016-10-02 00:53:08,848 [Worker-479] INFO  o.e.m.c.i.embedder.EclipseLogger - Copying 8 resources
2016-10-02 00:53:17,128 [Worker-486] WARN  o.e.m.c.i.embedder.EclipseLogger - Using platform encoding (Cp1252 actually) to copy filtered resources, i.e. build is platform dependent!
2016-10-02 00:53:17,131 [Worker-486] INFO  o.e.m.c.i.embedder.EclipseLogger - Copying 0 resource
2016-10-02 00:53:17,133 [Worker-486] WARN  o.e.m.c.i.embedder.EclipseLogger - Using platform encoding (Cp1252 actually) to copy filtered resources, i.e. build is platform dependent!
2016-10-02 00:53:17,137 [Worker-486] INFO  o.e.m.c.i.embedder.EclipseLogger - Copying 8 resources
2016-10-02 00:53:31,817 [Worker-467] WARN  o.e.m.c.i.embedder.EclipseLogger - Using platform encoding (Cp1252 actually) to copy filtered resources, i.e. build is platform dependent!
2016-10-02 00:53:31,820 [Worker-467] INFO  o.e.m.c.i.embedder.EclipseLogger - Copying 0 resource
2016-10-02 00:53:31,823 [Worker-467] WARN  o.e.m.c.i.embedder.EclipseLogger - Using platform encoding (Cp1252 actually) to copy filtered resources, i.e. build is platform dependent!
2016-10-02 00:53:31,828 [Worker-467] INFO  o.e.m.c.i.embedder.EclipseLogger - Copying 8 resources
2016-10-02 00:53:37,679 [Worker-477] WARN  o.e.m.c.i.embedder.EclipseLogger - Using platform encoding (Cp1252 actually) to copy filtered resources, i.e. build is platform dependent!
2016-10-02 00:53:37,682 [Worker-477] INFO  o.e.m.c.i.embedder.EclipseLogger - Copying 0 resource
2016-10-02 00:53:37,726 [Worker-477] WARN  o.e.m.c.i.embedder.EclipseLogger - Using platform encoding (Cp1252 actually) to copy filtered resources, i.e. build is platform dependent!
2016-10-02 00:53:37,730 [Worker-477] INFO  o.e.m.c.i.embedder.EclipseLogger - Copying 8 resources
2016-10-02 00:53:42,729 [Worker-484] WARN  o.e.m.c.i.embedder.EclipseLogger - Using platform encoding (Cp1252 actually) to copy filtered resources, i.e. build is platform dependent!
2016-10-02 00:53:42,732 [Worker-484] INFO  o.e.m.c.i.embedder.EclipseLogger - Copying 0 resource
2016-10-02 00:53:42,734 [Worker-484] WARN  o.e.m.c.i.embedder.EclipseLogger - Using platform encoding (Cp1252 actually) to copy filtered resources, i.e. build is platform dependent!
2016-10-02 00:53:42,738 [Worker-484] INFO  o.e.m.c.i.embedder.EclipseLogger - Copying 8 resources
2016-10-02 00:53:47,465 [Worker-477] WARN  o.e.m.c.i.embedder.EclipseLogger - Using platform encoding (Cp1252 actually) to copy filtered resources, i.e. build is platform dependent!
2016-10-02 00:53:47,468 [Worker-477] INFO  o.e.m.c.i.embedder.EclipseLogger - Copying 0 resource
2016-10-02 00:53:47,470 [Worker-477] WARN  o.e.m.c.i.embedder.EclipseLogger - Using platform encoding (Cp1252 actually) to copy filtered resources, i.e. build is platform dependent!
2016-10-02 00:53:47,474 [Worker-477] INFO  o.e.m.c.i.embedder.EclipseLogger - Copying 8 resources
2016-10-02 00:54:37,509 [Worker-484] WARN  o.e.m.c.i.embedder.EclipseLogger - Using platform encoding (Cp1252 actually) to copy filtered resources, i.e. build is platform dependent!
2016-10-02 00:54:37,512 [Worker-484] INFO  o.e.m.c.i.embedder.EclipseLogger - Copying 0 resource
2016-10-02 00:54:37,514 [Worker-484] WARN  o.e.m.c.i.embedder.EclipseLogger - Using platform encoding (Cp1252 actually) to copy filtered resources, i.e. build is platform dependent!
2016-10-02 00:54:37,518 [Worker-484] INFO  o.e.m.c.i.embedder.EclipseLogger - Copying 8 resources
2016-10-02 00:55:11,923 [Worker-485] WARN  o.e.m.c.i.embedder.EclipseLogger - Using platform encoding (Cp1252 actually) to copy filtered resources, i.e. build is platform dependent!
2016-10-02 00:55:11,924 [Worker-485] INFO  o.e.m.c.i.embedder.EclipseLogger - Copying 0 resource
2016-10-02 00:55:11,927 [Worker-485] WARN  o.e.m.c.i.embedder.EclipseLogger - Using platform encoding (Cp1252 actually) to copy filtered resources, i.e. build is platform dependent!
2016-10-02 00:55:11,932 [Worker-485] INFO  o.e.m.c.i.embedder.EclipseLogger - Copying 8 resources
2016-10-02 00:55:15,186 [Worker-482] WARN  o.e.m.c.i.embedder.EclipseLogger - Using platform encoding (Cp1252 actually) to copy filtered resources, i.e. build is platform dependent!
2016-10-02 00:55:15,188 [Worker-482] INFO  o.e.m.c.i.embedder.EclipseLogger - Copying 0 resource
2016-10-02 00:55:15,190 [Worker-482] WARN  o.e.m.c.i.embedder.EclipseLogger - Using platform encoding (Cp1252 actually) to copy filtered resources, i.e. build is platform dependent!
2016-10-02 00:55:15,194 [Worker-482] INFO  o.e.m.c.i.embedder.EclipseLogger - Copying 8 resources
2016-10-02 00:55:18,903 [Worker-484] WARN  o.e.m.c.i.embedder.EclipseLogger - Using platform encoding (Cp1252 actually) to copy filtered resources, i.e. build is platform dependent!
2016-10-02 00:55:18,915 [Worker-484] INFO  o.e.m.c.i.embedder.EclipseLogger - Copying 0 resource
2016-10-02 00:55:18,916 [Worker-484] WARN  o.e.m.c.i.embedder.EclipseLogger - Using platform encoding (Cp1252 actually) to copy filtered resources, i.e. build is platform dependent!
2016-10-02 00:55:18,919 [Worker-484] INFO  o.e.m.c.i.embedder.EclipseLogger - Copying 8 resources
2016-10-02 00:55:21,464 [Worker-484] WARN  o.e.m.c.i.embedder.EclipseLogger - Using platform encoding (Cp1252 actually) to copy filtered resources, i.e. build is platform dependent!
2016-10-02 00:55:21,466 [Worker-484] INFO  o.e.m.c.i.embedder.EclipseLogger - Copying 0 resource
2016-10-02 00:55:21,468 [Worker-484] WARN  o.e.m.c.i.embedder.EclipseLogger - Using platform encoding (Cp1252 actually) to copy filtered resources, i.e. build is platform dependent!
2016-10-02 00:55:21,470 [Worker-484] INFO  o.e.m.c.i.embedder.EclipseLogger - Copying 8 resources
2016-10-02 00:55:38,053 [Worker-482] WARN  o.e.m.c.i.embedder.EclipseLogger - Using platform encoding (Cp1252 actually) to copy filtered resources, i.e. build is platform dependent!
2016-10-02 00:55:38,056 [Worker-482] INFO  o.e.m.c.i.embedder.EclipseLogger - Copying 0 resource
2016-10-02 00:55:38,058 [Worker-482] WARN  o.e.m.c.i.embedder.EclipseLogger - Using platform encoding (Cp1252 actually) to copy filtered resources, i.e. build is platform dependent!
2016-10-02 00:55:38,062 [Worker-482] INFO  o.e.m.c.i.embedder.EclipseLogger - Copying 8 resources
2016-10-02 00:57:32,537 [Worker-482] WARN  o.e.m.c.i.embedder.EclipseLogger - Using platform encoding (Cp1252 actually) to copy filtered resources, i.e. build is platform dependent!
2016-10-02 00:57:32,541 [Worker-482] INFO  o.e.m.c.i.embedder.EclipseLogger - Copying 0 resource
2016-10-02 00:57:32,543 [Worker-482] WARN  o.e.m.c.i.embedder.EclipseLogger - Using platform encoding (Cp1252 actually) to copy filtered resources, i.e. build is platform dependent!
2016-10-02 00:57:32,546 [Worker-482] INFO  o.e.m.c.i.embedder.EclipseLogger - Copying 0 resource
2016-10-02 00:59:05,240 [Worker-486] WARN  o.e.m.c.i.embedder.EclipseLogger - Using platform encoding (Cp1252 actually) to copy filtered resources, i.e. build is platform dependent!
2016-10-02 00:59:05,242 [Worker-486] INFO  o.e.m.c.i.embedder.EclipseLogger - Copying 0 resource
2016-10-02 00:59:05,244 [Worker-486] WARN  o.e.m.c.i.embedder.EclipseLogger - Using platform encoding (Cp1252 actually) to copy filtered resources, i.e. build is platform dependent!
2016-10-02 00:59:05,246 [Worker-486] INFO  o.e.m.c.i.embedder.EclipseLogger - Copying 6 resources
2016-10-02 01:02:11,538 [Worker-487] WARN  o.e.m.c.i.embedder.EclipseLogger - Using platform encoding (Cp1252 actually) to copy filtered resources, i.e. build is platform dependent!
2016-10-02 01:02:11,540 [Worker-487] INFO  o.e.m.c.i.embedder.EclipseLogger - Copying 0 resource
2016-10-02 01:02:11,541 [Worker-487] WARN  o.e.m.c.i.embedder.EclipseLogger - Using platform encoding (Cp1252 actually) to copy filtered resources, i.e. build is platform dependent!
2016-10-02 01:02:11,545 [Worker-487] INFO  o.e.m.c.i.embedder.EclipseLogger - Copying 6 resources
2016-10-02 01:03:22,720 [Worker-488] WARN  o.e.m.c.i.embedder.EclipseLogger - Using platform encoding (Cp1252 actually) to copy filtered resources, i.e. build is platform dependent!
2016-10-02 01:03:22,762 [Worker-488] INFO  o.e.m.c.i.embedder.EclipseLogger - Copying 0 resource
2016-10-02 01:03:22,764 [Worker-488] WARN  o.e.m.c.i.embedder.EclipseLogger - Using platform encoding (Cp1252 actually) to copy filtered resources, i.e. build is platform dependent!
2016-10-02 01:03:22,768 [Worker-488] INFO  o.e.m.c.i.embedder.EclipseLogger - Copying 6 resources
2016-10-02 01:04:16,818 [Worker-477] WARN  o.e.m.c.i.embedder.EclipseLogger - Using platform encoding (Cp1252 actually) to copy filtered resources, i.e. build is platform dependent!
2016-10-02 01:04:16,821 [Worker-477] INFO  o.e.m.c.i.embedder.EclipseLogger - Copying 0 resource
2016-10-02 01:04:16,823 [Worker-477] WARN  o.e.m.c.i.embedder.EclipseLogger - Using platform encoding (Cp1252 actually) to copy filtered resources, i.e. build is platform dependent!
2016-10-02 01:04:16,827 [Worker-477] INFO  o.e.m.c.i.embedder.EclipseLogger - Copying 6 resources
2016-10-02 01:06:58,840 [Worker-482] WARN  o.e.m.c.i.embedder.EclipseLogger - Using platform encoding (Cp1252 actually) to copy filtered resources, i.e. build is platform dependent!
2016-10-02 01:06:58,842 [Worker-482] INFO  o.e.m.c.i.embedder.EclipseLogger - Copying 0 resource
2016-10-02 01:06:58,844 [Worker-482] WARN  o.e.m.c.i.embedder.EclipseLogger - Using platform encoding (Cp1252 actually) to copy filtered resources, i.e. build is platform dependent!
2016-10-02 01:06:58,848 [Worker-482] INFO  o.e.m.c.i.embedder.EclipseLogger - Copying 6 resources
2016-10-02 01:08:32,735 [Worker-483] WARN  o.e.m.c.i.embedder.EclipseLogger - Using platform encoding (Cp1252 actually) to copy filtered resources, i.e. build is platform dependent!
2016-10-02 01:08:32,738 [Worker-483] INFO  o.e.m.c.i.embedder.EclipseLogger - Copying 0 resource
2016-10-02 01:08:32,741 [Worker-483] WARN  o.e.m.c.i.embedder.EclipseLogger - Using platform encoding (Cp1252 actually) to copy filtered resources, i.e. build is platform dependent!
2016-10-02 01:08:32,743 [Worker-483] INFO  o.e.m.c.i.embedder.EclipseLogger - Copying 0 resource
2016-10-02 01:10:19,427 [Worker-485] WARN  o.e.m.c.i.embedder.EclipseLogger - Using platform encoding (Cp1252 actually) to copy filtered resources, i.e. build is platform dependent!
2016-10-02 01:10:19,428 [Worker-485] INFO  o.e.m.c.i.embedder.EclipseLogger - Copying 0 resource
2016-10-02 01:10:19,429 [Worker-485] WARN  o.e.m.c.i.embedder.EclipseLogger - Using platform encoding (Cp1252 actually) to copy filtered resources, i.e. build is platform dependent!
2016-10-02 01:10:19,431 [Worker-485] INFO  o.e.m.c.i.embedder.EclipseLogger - Copying 1 resource
